<?xml version="1.0" encoding="UTF-8"?>
<coverage generated="1682242451994" clover="3.2.0">
  <project timestamp="1682242451994" name="All files">
    <metrics statements="64" coveredstatements="62" conditionals="5" coveredconditionals="5" methods="25" coveredmethods="23" elements="94" coveredelements="90" complexity="0" loc="64" ncloc="64" packages="1" files="4" classes="4"/>
    <file name="BatchCustomerCsvFileWriter.ts" path="/Users/macbookpro/Desktop/CSV_File_Kata/BatchCustomerCsvFileWriter.ts">
      <metrics statements="20" coveredstatements="20" conditionals="3" coveredconditionals="3" methods="7" coveredmethods="7"/>
      <line num="4" count="1" type="stmt"/>
      <line num="5" count="6" type="stmt"/>
      <line num="7" count="1" type="stmt"/>
      <line num="8" count="6" type="stmt"/>
      <line num="9" count="6" type="stmt"/>
      <line num="13" count="6" type="stmt"/>
      <line num="14" count="10" type="stmt"/>
      <line num="15" count="10" type="stmt"/>
      <line num="16" count="10" type="stmt"/>
      <line num="17" count="10" type="stmt"/>
      <line num="18" count="10" type="stmt"/>
      <line num="22" count="1" type="stmt"/>
      <line num="23" count="10" type="stmt"/>
      <line num="24" count="10" type="cond" truecount="3" falsecount="0"/>
      <line num="25" count="3" type="stmt"/>
      <line num="27" count="7" type="stmt"/>
      <line num="30" count="1" type="stmt"/>
      <line num="31" count="6" type="stmt"/>
      <line num="32" count="200010487" type="stmt"/>
      <line num="36" count="1" type="stmt"/>
    </file>
    <file name="customer-csv-file-writer.ts" path="/Users/macbookpro/Desktop/CSV_File_Kata/customer-csv-file-writer.ts">
      <metrics statements="15" coveredstatements="15" conditionals="2" coveredconditionals="2" methods="5" coveredmethods="5"/>
      <line num="5" count="2" type="stmt"/>
      <line num="6" count="11" type="stmt"/>
      <line num="8" count="2" type="stmt"/>
      <line num="9" count="15" type="stmt"/>
      <line num="10" count="14" type="stmt"/>
      <line num="12" count="13" type="stmt"/>
      <line num="13" count="20061" type="stmt"/>
      <line num="14" count="20061" type="stmt"/>
      <line num="18" count="2" type="stmt"/>
      <line num="19" count="14" type="cond" truecount="1" falsecount="0"/>
      <line num="20" count="1" type="stmt"/>
      <line num="24" count="2" type="stmt"/>
      <line num="25" count="15" type="cond" truecount="1" falsecount="0"/>
      <line num="26" count="1" type="stmt"/>
      <line num="29" count="2" type="stmt"/>
    </file>
    <file name="customer.ts" path="/Users/macbookpro/Desktop/CSV_File_Kata/customer.ts">
      <metrics statements="12" coveredstatements="10" conditionals="0" coveredconditionals="0" methods="6" coveredmethods="4"/>
      <line num="3" count="2" type="stmt"/>
      <line num="4" count="20063" type="stmt"/>
      <line num="5" count="20063" type="stmt"/>
      <line num="8" count="20063" type="stmt"/>
      <line num="9" count="20063" type="stmt"/>
      <line num="12" count="2" type="stmt"/>
      <line num="13" count="400061124" type="stmt"/>
      <line num="17" count="0" type="stmt"/>
      <line num="20" count="2" type="stmt"/>
      <line num="21" count="40122" type="stmt"/>
      <line num="25" count="0" type="stmt"/>
      <line num="29" count="2" type="stmt"/>
    </file>
    <file name="testHelpers.ts" path="/Users/macbookpro/Desktop/CSV_File_Kata/testHelpers.ts">
      <metrics statements="17" coveredstatements="17" conditionals="0" coveredconditionals="0" methods="7" coveredmethods="7"/>
      <line num="1" count="2" type="stmt"/>
      <line num="3" count="2" type="stmt"/>
      <line num="7" count="2" type="stmt"/>
      <line num="8" count="5" type="stmt"/>
      <line num="11" count="2" type="stmt"/>
      <line num="12" count="11" type="stmt"/>
      <line num="17" count="2" type="stmt"/>
      <line num="18" count="11" type="stmt"/>
      <line num="21" count="2" type="stmt"/>
      <line num="22" count="20063" type="stmt"/>
      <line num="25" count="2" type="stmt"/>
      <line num="26" count="20056" type="stmt"/>
      <line num="30" count="2" type="stmt"/>
      <line num="31" count="5" type="stmt"/>
      <line num="32" count="20052" type="stmt"/>
      <line num="33" count="20052" type="stmt"/>
      <line num="34" count="20052" type="stmt"/>
    </file>
  </project>
</coverage>
