{"/Users/macbookpro/Desktop/CSV_File_Kata/BatchCustomerCsvFileWriter.ts": {"path":"/Users/macbookpro/Desktop/CSV_File_Kata/BatchCustomerCsvFileWriter.ts","statementMap":{"0":{"start":{"line":4,"column":0},"end":{"line":4,"column":13}},"1":{"start":{"line":5,"column":24},"end":{"line":5,"column":69}},"2":{"start":{"line":7,"column":4},"end":{"line":21,"column":null}},"3":{"start":{"line":8,"column":31},"end":{"line":8,"column":71}},"4":{"start":{"line":9,"column":31},"end":{"line":9,"column":76}},"5":{"start":{"line":13,"column":8},"end":{"line":19,"column":null}},"6":{"start":{"line":13,"column":30},"end":{"line":13,"column":31}},"7":{"start":{"line":14,"column":31},"end":{"line":14,"column":53}},"8":{"start":{"line":15,"column":29},"end":{"line":15,"column":51}},"9":{"start":{"line":16,"column":33},"end":{"line":16,"column":76}},"10":{"start":{"line":17,"column":37},"end":{"line":17,"column":97}},"11":{"start":{"line":18,"column":12},"end":{"line":18,"column":85}},"12":{"start":{"line":22,"column":12},"end":{"line":28,"column":null}},"13":{"start":{"line":23,"column":29},"end":{"line":23,"column":56}},"14":{"start":{"line":24,"column":8},"end":{"line":26,"column":null}},"15":{"start":{"line":25,"column":12},"end":{"line":25,"column":41}},"16":{"start":{"line":27,"column":8},"end":{"line":27,"column":54}},"17":{"start":{"line":30,"column":12},"end":{"line":34,"column":null}},"18":{"start":{"line":31,"column":8},"end":{"line":33,"column":11}},"19":{"start":{"line":32,"column":12},"end":{"line":32,"column":75}},"20":{"start":{"line":32,"column":39},"end":{"line":32,"column":64}},"21":{"start":{"line":36,"column":0},"end":{"line":36,"column":2}},"22":{"start":{"line":4,"column":13},"end":{"line":4,"column":39}}},"fnMap":{"0":{"name":"(anonymous_0)","decl":{"start":{"line":4,"column":0},"end":{"line":4,"column":13}},"loc":{"start":{"line":4,"column":0},"end":{"line":36,"column":1}}},"1":{"name":"BatchCustomerCsvFileWriter","decl":{"start":{"line":5,"column":4},"end":{"line":5,"column":24}},"loc":{"start":{"line":5,"column":69},"end":{"line":5,"column":73}}},"2":{"name":"(anonymous_2)","decl":{"start":{"line":7,"column":4},"end":{"line":7,"column":27}},"loc":{"start":{"line":7,"column":86},"end":{"line":21,"column":5}}},"3":{"name":"(anonymous_3)","decl":{"start":{"line":22,"column":4},"end":{"line":22,"column":12}},"loc":{"start":{"line":22,"column":87},"end":{"line":28,"column":5}}},"4":{"name":"(anonymous_4)","decl":{"start":{"line":30,"column":4},"end":{"line":30,"column":12}},"loc":{"start":{"line":30,"column":58},"end":{"line":34,"column":5}}},"5":{"name":"(anonymous_5)","decl":{"start":{"line":31,"column":32},"end":{"line":31,"column":33}},"loc":{"start":{"line":31,"column":54},"end":{"line":33,"column":9}}},"6":{"name":"(anonymous_6)","decl":{"start":{"line":32,"column":34},"end":{"line":32,"column":35}},"loc":{"start":{"line":32,"column":35},"end":{"line":32,"column":40}}}},"branchMap":{"0":{"loc":{"start":{"line":24,"column":8},"end":{"line":26,"column":null}},"type":"if","locations":[{"start":{"line":24,"column":8},"end":{"line":26,"column":null}}]},"1":{"loc":{"start":{"line":24,"column":12},"end":{"line":24,"column":50}},"type":"binary-expr","locations":[{"start":{"line":24,"column":12},"end":{"line":24,"column":30}},{"start":{"line":24,"column":34},"end":{"line":24,"column":50}}]}},"s":{"0":1,"1":6,"2":1,"3":6,"4":6,"5":6,"6":6,"7":10,"8":10,"9":10,"10":10,"11":10,"12":1,"13":10,"14":10,"15":3,"16":7,"17":1,"18":6,"19":20057,"20":200010487,"21":1,"22":1},"f":{"0":1,"1":6,"2":6,"3":10,"4":6,"5":20057,"6":200010487},"b":{"0":[3],"1":[10,3]}}
,"/Users/macbookpro/Desktop/CSV_File_Kata/customer-csv-file-writer.ts": {"path":"/Users/macbookpro/Desktop/CSV_File_Kata/customer-csv-file-writer.ts","statementMap":{"0":{"start":{"line":5,"column":0},"end":{"line":5,"column":13}},"1":{"start":{"line":6,"column":23},"end":{"line":6,"column":57}},"2":{"start":{"line":8,"column":4},"end":{"line":16,"column":null}},"3":{"start":{"line":9,"column":8},"end":{"line":9,"column":40}},"4":{"start":{"line":10,"column":8},"end":{"line":10,"column":42}},"5":{"start":{"line":12,"column":8},"end":{"line":15,"column":null}},"6":{"start":{"line":12,"column":25},"end":{"line":12,"column":26}},"7":{"start":{"line":13,"column":29},"end":{"line":13,"column":45}},"8":{"start":{"line":14,"column":12},"end":{"line":14,"column":99}},"9":{"start":{"line":18,"column":12},"end":{"line":22,"column":null}},"10":{"start":{"line":19,"column":8},"end":{"line":21,"column":null}},"11":{"start":{"line":20,"column":12},"end":{"line":20,"column":52}},"12":{"start":{"line":24,"column":12},"end":{"line":28,"column":null}},"13":{"start":{"line":25,"column":8},"end":{"line":27,"column":null}},"14":{"start":{"line":26,"column":12},"end":{"line":26,"column":53}},"15":{"start":{"line":29,"column":0},"end":{"line":29,"column":null}},"16":{"start":{"line":5,"column":13},"end":{"line":5,"column":34}}},"fnMap":{"0":{"name":"(anonymous_0)","decl":{"start":{"line":5,"column":0},"end":{"line":5,"column":13}},"loc":{"start":{"line":5,"column":0},"end":{"line":29,"column":null}}},"1":{"name":"CustomerCsvFileWriter","decl":{"start":{"line":6,"column":3},"end":{"line":6,"column":23}},"loc":{"start":{"line":6,"column":57},"end":{"line":6,"column":62}}},"2":{"name":"(anonymous_2)","decl":{"start":{"line":8,"column":4},"end":{"line":8,"column":18}},"loc":{"start":{"line":8,"column":58},"end":{"line":16,"column":5}}},"3":{"name":"(anonymous_3)","decl":{"start":{"line":18,"column":4},"end":{"line":18,"column":12}},"loc":{"start":{"line":18,"column":51},"end":{"line":22,"column":5}}},"4":{"name":"(anonymous_4)","decl":{"start":{"line":24,"column":4},"end":{"line":24,"column":12}},"loc":{"start":{"line":24,"column":45},"end":{"line":28,"column":5}}}},"branchMap":{"0":{"loc":{"start":{"line":19,"column":8},"end":{"line":21,"column":null}},"type":"if","locations":[{"start":{"line":19,"column":8},"end":{"line":21,"column":null}}]},"1":{"loc":{"start":{"line":25,"column":8},"end":{"line":27,"column":null}},"type":"if","locations":[{"start":{"line":25,"column":8},"end":{"line":27,"column":null}}]}},"s":{"0":2,"1":11,"2":2,"3":15,"4":14,"5":13,"6":13,"7":20061,"8":20061,"9":2,"10":14,"11":1,"12":2,"13":15,"14":1,"15":2,"16":2},"f":{"0":2,"1":11,"2":15,"3":14,"4":15},"b":{"0":[1],"1":[1]}}
,"/Users/macbookpro/Desktop/CSV_File_Kata/customer.ts": {"path":"/Users/macbookpro/Desktop/CSV_File_Kata/customer.ts","statementMap":{"0":{"start":{"line":3,"column":0},"end":{"line":3,"column":13}},"1":{"start":{"line":4,"column":12},"end":{"line":4,"column":29}},"2":{"start":{"line":5,"column":12},"end":{"line":5,"column":38}},"3":{"start":{"line":8,"column":8},"end":{"line":8,"column":26}},"4":{"start":{"line":9,"column":8},"end":{"line":9,"column":44}},"5":{"start":{"line":12,"column":4},"end":{"line":14,"column":null}},"6":{"start":{"line":13,"column":8},"end":{"line":13,"column":26}},"7":{"start":{"line":17,"column":8},"end":{"line":17,"column":26}},"8":{"start":{"line":20,"column":4},"end":{"line":22,"column":null}},"9":{"start":{"line":21,"column":8},"end":{"line":21,"column":35}},"10":{"start":{"line":25,"column":8},"end":{"line":25,"column":44}},"11":{"start":{"line":29,"column":0},"end":{"line":29,"column":null}},"12":{"start":{"line":3,"column":13},"end":{"line":3,"column":21}}},"fnMap":{"0":{"name":"(anonymous_0)","decl":{"start":{"line":3,"column":0},"end":{"line":3,"column":13}},"loc":{"start":{"line":3,"column":0},"end":{"line":29,"column":null}}},"1":{"name":"Customer","decl":{"start":{"line":7,"column":4},"end":{"line":7,"column":16}},"loc":{"start":{"line":7,"column":51},"end":{"line":10,"column":5}}},"2":{"name":"(anonymous_2)","decl":{"start":{"line":12,"column":4},"end":{"line":12,"column":15}},"loc":{"start":{"line":12,"column":4},"end":{"line":14,"column":5}}},"3":{"name":"(anonymous_3)","decl":{"start":{"line":16,"column":4},"end":{"line":16,"column":20}},"loc":{"start":{"line":16,"column":32},"end":{"line":18,"column":5}}},"4":{"name":"(anonymous_4)","decl":{"start":{"line":20,"column":4},"end":{"line":20,"column":15}},"loc":{"start":{"line":20,"column":4},"end":{"line":22,"column":5}}},"5":{"name":"(anonymous_5)","decl":{"start":{"line":24,"column":4},"end":{"line":24,"column":29}},"loc":{"start":{"line":24,"column":50},"end":{"line":26,"column":5}}}},"branchMap":{},"s":{"0":2,"1":20063,"2":20063,"3":20063,"4":20063,"5":2,"6":400061124,"7":0,"8":2,"9":40122,"10":0,"11":2,"12":2},"f":{"0":2,"1":20063,"2":400061124,"3":0,"4":40122,"5":0},"b":{}}
,"/Users/macbookpro/Desktop/CSV_File_Kata/testHelpers.ts": {"path":"/Users/macbookpro/Desktop/CSV_File_Kata/testHelpers.ts","statementMap":{"0":{"start":{"line":1,"column":0},"end":{"line":1,"column":38}},"1":{"start":{"line":3,"column":0},"end":{"line":3,"column":67}},"2":{"start":{"line":8,"column":4},"end":{"line":8,"column":110}},"3":{"start":{"line":7,"column":0},"end":{"line":7,"column":16}},"4":{"start":{"line":12,"column":3},"end":{"line":14,"column":null}},"5":{"start":{"line":11,"column":0},"end":{"line":11,"column":16}},"6":{"start":{"line":18,"column":4},"end":{"line":18,"column":55}},"7":{"start":{"line":17,"column":0},"end":{"line":17,"column":16}},"8":{"start":{"line":22,"column":4},"end":{"line":22,"column":45}},"9":{"start":{"line":21,"column":0},"end":{"line":21,"column":16}},"10":{"start":{"line":26,"column":4},"end":{"line":26,"column":130}},"11":{"start":{"line":25,"column":0},"end":{"line":25,"column":16}},"12":{"start":{"line":31,"column":4},"end":{"line":35,"column":8}},"13":{"start":{"line":32,"column":22},"end":{"line":32,"column":36}},"14":{"start":{"line":33,"column":31},"end":{"line":33,"column":46}},"15":{"start":{"line":34,"column":9},"end":{"line":34,"column":52}},"16":{"start":{"line":30,"column":0},"end":{"line":30,"column":16}}},"fnMap":{"0":{"name":"assertCustomerWrittenToCsvFile","decl":{"start":{"line":7,"column":16},"end":{"line":7,"column":46}},"loc":{"start":{"line":7,"column":119},"end":{"line":9,"column":1}}},"1":{"name":"createFileSystemWriterMock","decl":{"start":{"line":11,"column":16},"end":{"line":11,"column":42}},"loc":{"start":{"line":11,"column":42},"end":{"line":15,"column":1}}},"2":{"name":"createCustomerCsvFileWriterMock","decl":{"start":{"line":17,"column":16},"end":{"line":17,"column":47}},"loc":{"start":{"line":17,"column":83},"end":{"line":19,"column":1}}},"3":{"name":"createCustomer","decl":{"start":{"line":21,"column":16},"end":{"line":21,"column":30}},"loc":{"start":{"line":21,"column":67},"end":{"line":23,"column":1}}},"4":{"name":"assertBatchCustomerCsvFileWriter","decl":{"start":{"line":25,"column":16},"end":{"line":25,"column":48}},"loc":{"start":{"line":25,"column":136},"end":{"line":28,"column":1}}},"5":{"name":"generateCustomersArray","decl":{"start":{"line":30,"column":16},"end":{"line":30,"column":38}},"loc":{"start":{"line":30,"column":61},"end":{"line":36,"column":2}}},"6":{"name":"(anonymous_6)","decl":{"start":{"line":31,"column":49},"end":{"line":31,"column":50}},"loc":{"start":{"line":31,"column":53},"end":{"line":35,"column":6}}}},"branchMap":{},"s":{"0":2,"1":2,"2":5,"3":2,"4":11,"5":2,"6":11,"7":2,"8":20063,"9":2,"10":20056,"11":2,"12":5,"13":20052,"14":20052,"15":20052,"16":2},"f":{"0":5,"1":11,"2":11,"3":20063,"4":20056,"5":5,"6":20052},"b":{}}
}
