TN:
SF:BatchCustomerCsvFileWriter.ts
FN:4,(anonymous_0)
FN:5,BatchCustomerCsvFileWriter
FN:7,(anonymous_2)
FN:22,(anonymous_3)
FN:30,(anonymous_4)
FN:31,(anonymous_5)
FN:32,(anonymous_6)
FNF:7
FNH:7
FNDA:1,(anonymous_0)
FNDA:6,BatchCustomerCsvFileWriter
FNDA:6,(anonymous_2)
FNDA:10,(anonymous_3)
FNDA:6,(anonymous_4)
FNDA:20057,(anonymous_5)
FNDA:200010487,(anonymous_6)
DA:4,1
DA:5,6
DA:7,1
DA:8,6
DA:9,6
DA:13,6
DA:14,10
DA:15,10
DA:16,10
DA:17,10
DA:18,10
DA:22,1
DA:23,10
DA:24,10
DA:25,3
DA:27,7
DA:30,1
DA:31,6
DA:32,200010487
DA:36,1
LF:20
LH:20
BRDA:24,0,0,3
BRDA:24,1,0,10
BRDA:24,1,1,3
BRF:3
BRH:3
end_of_record
TN:
SF:customer-csv-file-writer.ts
FN:5,(anonymous_0)
FN:6,CustomerCsvFileWriter
FN:8,(anonymous_2)
FN:18,(anonymous_3)
FN:24,(anonymous_4)
FNF:5
FNH:5
FNDA:2,(anonymous_0)
FNDA:11,CustomerCsvFileWriter
FNDA:15,(anonymous_2)
FNDA:14,(anonymous_3)
FNDA:15,(anonymous_4)
DA:5,2
DA:6,11
DA:8,2
DA:9,15
DA:10,14
DA:12,13
DA:13,20061
DA:14,20061
DA:18,2
DA:19,14
DA:20,1
DA:24,2
DA:25,15
DA:26,1
DA:29,2
LF:15
LH:15
BRDA:19,0,0,1
BRDA:25,1,0,1
BRF:2
BRH:2
end_of_record
TN:
SF:customer.ts
FN:3,(anonymous_0)
FN:7,Customer
FN:12,(anonymous_2)
FN:16,(anonymous_3)
FN:20,(anonymous_4)
FN:24,(anonymous_5)
FNF:6
FNH:4
FNDA:2,(anonymous_0)
FNDA:20063,Customer
FNDA:400061124,(anonymous_2)
FNDA:0,(anonymous_3)
FNDA:40122,(anonymous_4)
FNDA:0,(anonymous_5)
DA:3,2
DA:4,20063
DA:5,20063
DA:8,20063
DA:9,20063
DA:12,2
DA:13,400061124
DA:17,0
DA:20,2
DA:21,40122
DA:25,0
DA:29,2
LF:12
LH:10
BRF:0
BRH:0
end_of_record
TN:
SF:testHelpers.ts
FN:7,assertCustomerWrittenToCsvFile
FN:11,createFileSystemWriterMock
FN:17,createCustomerCsvFileWriterMock
FN:21,createCustomer
FN:25,assertBatchCustomerCsvFileWriter
FN:30,generateCustomersArray
FN:31,(anonymous_6)
FNF:7
FNH:7
FNDA:5,assertCustomerWrittenToCsvFile
FNDA:11,createFileSystemWriterMock
FNDA:11,createCustomerCsvFileWriterMock
FNDA:20063,createCustomer
FNDA:20056,assertBatchCustomerCsvFileWriter
FNDA:5,generateCustomersArray
FNDA:20052,(anonymous_6)
DA:1,2
DA:3,2
DA:7,2
DA:8,5
DA:11,2
DA:12,11
DA:17,2
DA:18,11
DA:21,2
DA:22,20063
DA:25,2
DA:26,20056
DA:30,2
DA:31,5
DA:32,20052
DA:33,20052
DA:34,20052
LF:17
LH:17
BRF:0
BRH:0
end_of_record
